\BOOKMARK [1][-]{section.1}{Implementation of Perceptron Algorithm}{}% 1
\BOOKMARK [1][-]{section.2}{Implementation of Average Perceptron}{}% 2
\BOOKMARK [1][-]{section.3}{Feature Engineering and Evaluation}{}% 3
\BOOKMARK [2][-]{subsection.3.1}{Trigger features}{section.3}% 4
\BOOKMARK [3][-]{subsubsection.3.1.1}{Lexical}{subsection.3.1}% 5
\BOOKMARK [3][-]{subsubsection.3.1.2}{Entity-based}{subsection.3.1}% 6
\BOOKMARK [3][-]{subsubsection.3.1.3}{Syntax-based}{subsection.3.1}% 7
\BOOKMARK [3][-]{subsubsection.3.1.4}{Other}{subsection.3.1}% 8
\BOOKMARK [3][-]{subsubsection.3.1.5}{Perceptron features}{subsection.3.1}% 9
\BOOKMARK [3][-]{subsubsection.3.1.6}{Naive-Bayes features}{subsection.3.1}% 10
\BOOKMARK [2][-]{subsection.3.2}{Argument features}{section.3}% 11
\BOOKMARK [3][-]{subsubsection.3.2.1}{Lexical}{subsection.3.2}% 12
\BOOKMARK [3][-]{subsubsection.3.2.2}{Entity-based}{subsection.3.2}% 13
\BOOKMARK [3][-]{subsubsection.3.2.3}{Syntax-based}{subsection.3.2}% 14
\BOOKMARK [3][-]{subsubsection.3.2.4}{Other}{subsection.3.2}% 15
\BOOKMARK [3][-]{subsubsection.3.2.5}{Perceptron features}{subsection.3.2}% 16
\BOOKMARK [3][-]{subsubsection.3.2.6}{Naive-Bayes features}{subsection.3.2}% 17
\BOOKMARK [2][-]{subsection.3.3}{Results}{section.3}% 18
\BOOKMARK [1][-]{section.4}{Joint Perceptron}{}% 19
\BOOKMARK [2][-]{subsection.4.1}{Unconstrained joint model}{section.4}% 20
\BOOKMARK [2][-]{subsection.4.2}{Constrained joint model}{section.4}% 21
\BOOKMARK [1][-]{section.5}{Implementation and Evaluation for Problem 4}{}% 22
\BOOKMARK [1][-]{section.6}{Error Analysis}{}% 23
\BOOKMARK [2][-]{subsection.6.1}{Best performing model}{section.6}% 24
\BOOKMARK [2][-]{subsection.6.2}{Types of errors}{section.6}% 25
\BOOKMARK [2][-]{subsection.6.3}{Errors it helps to prevent}{section.6}% 26
\BOOKMARK [2][-]{subsection.6.4}{Error prevention ability}{section.6}% 27
\BOOKMARK [1][-]{section*.8}{Appendices}{}% 28
\BOOKMARK [1][-]{Appendix.1.A}{Examples of trigger features}{}% 29
\BOOKMARK [1][-]{Appendix.1.B}{Examples of argument features}{}% 30
